#-----------------------------------------------------------
# Vivado v2020.2 (64-bit)
# SW Build 3064766 on Wed Nov 18 09:12:45 MST 2020
# IP Build 3064653 on Wed Nov 18 14:17:31 MST 2020
# Start of session at: Sat May 29 21:34:58 2021
# Process ID: 3440
# Current directory: C:/Users/tpodi/AppData/Roaming/Xilinx/Vivado
# Command line: vivado.exe -gui_launcher_event rodinguilauncherevent4164
# Log file: C:/Users/tpodi/AppData/Roaming/Xilinx/Vivado/vivado.log
# Journal file: C:/Users/tpodi/AppData/Roaming/Xilinx/Vivado\vivado.jou
#-----------------------------------------------------------
start_gui
create_project graphics_card D:/Programming/Vivado/graphics_card -part xc7a35tcpg236-1
INFO: [IP_Flow 19-234] Refreshing IP repositories
INFO: [IP_Flow 19-1704] No user IP repositories specified
INFO: [IP_Flow 19-2313] Loaded Vivado IP repository 'D:/Vivado/2020.2/data/ip'.
set_property board_part digilentinc.com:basys3:part0:1.1 [current_project]
add_files -norecurse {C:/Users/tpodi/OneDrive/Desktop/vga/controllerVGA/VGA/src/controller.vhd C:/Users/tpodi/OneDrive/Desktop/vga/controllerVGA/VGA/src/debouncer.vhd C:/Users/tpodi/OneDrive/Desktop/vga/controllerVGA/VGA/src/image_source.vhd C:/Users/tpodi/OneDrive/Desktop/vga/controllerVGA/VGA/src/graphic_card.vhd C:/Users/tpodi/OneDrive/Desktop/vga/controllerVGA/VGA/src/ten_bit_counter.vhd C:/Users/tpodi/OneDrive/Desktop/vga/controllerVGA/VGA/src/reversible_counter.vhd C:/Users/tpodi/OneDrive/Desktop/vga/controllerVGA/VGA/src/img_graph.vhd C:/Users/tpodi/OneDrive/Desktop/vga/controllerVGA/VGA/src/ten_bit_a.vhd C:/Users/tpodi/OneDrive/Desktop/vga/controllerVGA/VGA/src/TFF.vhd C:/Users/tpodi/OneDrive/Desktop/vga/controllerVGA/VGA/src/test_bench.vhd}
update_compile_order -fileset sources_1
file mkdir D:/Programming/Vivado/graphics_card/graphics_card.srcs/constrs_1
file mkdir D:/Programming/Vivado/graphics_card/graphics_card.srcs/constrs_1/new
close [ open D:/Programming/Vivado/graphics_card/graphics_card.srcs/constrs_1/new/constraint.xdc w ]
add_files -fileset constrs_1 D:/Programming/Vivado/graphics_card/graphics_card.srcs/constrs_1/new/constraint.xdc
launch_runs impl_1 -to_step write_bitstream -jobs 16
[Sat May 29 21:42:34 2021] Launched synth_1...
Run output will be captured here: D:/Programming/Vivado/graphics_card/graphics_card.runs/synth_1/runme.log
[Sat May 29 21:42:34 2021] Launched impl_1...
Run output will be captured here: D:/Programming/Vivado/graphics_card/graphics_card.runs/impl_1/runme.log
reset_run synth_1
launch_runs impl_1 -to_step write_bitstream -jobs 16
[Sat May 29 21:49:00 2021] Launched synth_1...
Run output will be captured here: D:/Programming/Vivado/graphics_card/graphics_card.runs/synth_1/runme.log
[Sat May 29 21:49:00 2021] Launched impl_1...
Run output will be captured here: D:/Programming/Vivado/graphics_card/graphics_card.runs/impl_1/runme.log
export_ip_user_files -of_objects  [get_files C:/Users/tpodi/OneDrive/Desktop/vga/controllerVGA/VGA/src/test_bench.vhd] -no_script -reset -force -quiet
remove_files  C:/Users/tpodi/OneDrive/Desktop/vga/controllerVGA/VGA/src/test_bench.vhd
reset_run synth_1
launch_runs impl_1 -to_step write_bitstream -jobs 16
[Sat May 29 21:50:08 2021] Launched synth_1...
Run output will be captured here: D:/Programming/Vivado/graphics_card/graphics_card.runs/synth_1/runme.log
[Sat May 29 21:50:08 2021] Launched impl_1...
Run output will be captured here: D:/Programming/Vivado/graphics_card/graphics_card.runs/impl_1/runme.log
update_compile_order -fileset sources_1
update_compile_order -fileset sources_1
update_compile_order -fileset sources_1
update_compile_order -fileset sources_1
reset_run synth_1
launch_runs impl_1 -to_step write_bitstream -jobs 16
[Sat May 29 21:55:17 2021] Launched synth_1...
Run output will be captured here: D:/Programming/Vivado/graphics_card/graphics_card.runs/synth_1/runme.log
[Sat May 29 21:55:17 2021] Launched impl_1...
Run output will be captured here: D:/Programming/Vivado/graphics_card/graphics_card.runs/impl_1/runme.log
add_files -norecurse C:/Users/tpodi/OneDrive/Desktop/vga/controllerVGA/VGA/src/test_bench.vhd
update_compile_order -fileset sources_1
update_compile_order -fileset sources_1
WARNING: [filemgmt 56-199] Attempt to get parsing info during refresh. "On-the-fly" syntax checking information may be incorrect. [C:\Users\tpodi\OneDrive\Desktop\vga\controllerVGA\VGA\src\reversible_counter.vhd:]
WARNING: [filemgmt 56-199] Attempt to get parsing info during refresh. "On-the-fly" syntax checking information may be incorrect. [C:\Users\tpodi\OneDrive\Desktop\vga\controllerVGA\VGA\src\graphic_card.vhd:]
WARNING: [filemgmt 56-199] Attempt to get parsing info during refresh. "On-the-fly" syntax checking information may be incorrect. [C:\Users\tpodi\OneDrive\Desktop\vga\controllerVGA\VGA\src\controller.vhd:]
WARNING: [filemgmt 56-199] Attempt to get parsing info during refresh. "On-the-fly" syntax checking information may be incorrect. [C:\Users\tpodi\OneDrive\Desktop\vga\controllerVGA\VGA\src\test_bench.vhd:]
ERROR: [Common 17-180] Spawn failed: No error
WARNING: [filemgmt 56-199] Attempt to get parsing info during refresh. "On-the-fly" syntax checking information may be incorrect. [C:\Users\tpodi\OneDrive\Desktop\vga\controllerVGA\VGA\src\reversible_counter.vhd:]
WARNING: [filemgmt 56-199] Attempt to get parsing info during refresh. "On-the-fly" syntax checking information may be incorrect. [C:\Users\tpodi\OneDrive\Desktop\vga\controllerVGA\VGA\src\graphic_card.vhd:]
WARNING: [filemgmt 56-199] Attempt to get parsing info during refresh. "On-the-fly" syntax checking information may be incorrect. [C:\Users\tpodi\OneDrive\Desktop\vga\controllerVGA\VGA\src\controller.vhd:]
WARNING: [filemgmt 56-199] Attempt to get parsing info during refresh. "On-the-fly" syntax checking information may be incorrect. [C:\Users\tpodi\OneDrive\Desktop\vga\controllerVGA\VGA\src\test_bench.vhd:]
ERROR: [Common 17-180] Spawn failed: No error
WARNING: [filemgmt 56-199] Attempt to get parsing info during refresh. "On-the-fly" syntax checking information may be incorrect. [C:\Users\tpodi\OneDrive\Desktop\vga\controllerVGA\VGA\src\reversible_counter.vhd:]
WARNING: [filemgmt 56-199] Attempt to get parsing info during refresh. "On-the-fly" syntax checking information may be incorrect. [C:\Users\tpodi\OneDrive\Desktop\vga\controllerVGA\VGA\src\graphic_card.vhd:]
WARNING: [filemgmt 56-199] Attempt to get parsing info during refresh. "On-the-fly" syntax checking information may be incorrect. [C:\Users\tpodi\OneDrive\Desktop\vga\controllerVGA\VGA\src\controller.vhd:]
WARNING: [filemgmt 56-199] Attempt to get parsing info during refresh. "On-the-fly" syntax checking information may be incorrect. [C:\Users\tpodi\OneDrive\Desktop\vga\controllerVGA\VGA\src\test_bench.vhd:]
ERROR: [Common 17-180] Spawn failed: No error
WARNING: [filemgmt 56-199] Attempt to get parsing info during refresh. "On-the-fly" syntax checking information may be incorrect. [C:\Users\tpodi\OneDrive\Desktop\vga\controllerVGA\VGA\src\reversible_counter.vhd:]
WARNING: [filemgmt 56-199] Attempt to get parsing info during refresh. "On-the-fly" syntax checking information may be incorrect. [C:\Users\tpodi\OneDrive\Desktop\vga\controllerVGA\VGA\src\graphic_card.vhd:]
WARNING: [filemgmt 56-199] Attempt to get parsing info during refresh. "On-the-fly" syntax checking information may be incorrect. [C:\Users\tpodi\OneDrive\Desktop\vga\controllerVGA\VGA\src\controller.vhd:]
WARNING: [filemgmt 56-199] Attempt to get parsing info during refresh. "On-the-fly" syntax checking information may be incorrect. [C:\Users\tpodi\OneDrive\Desktop\vga\controllerVGA\VGA\src\test_bench.vhd:]
ERROR: [Common 17-180] Spawn failed: No error
WARNING: [filemgmt 56-199] Attempt to get parsing info during refresh. "On-the-fly" syntax checking information may be incorrect. [C:\Users\tpodi\OneDrive\Desktop\vga\controllerVGA\VGA\src\reversible_counter.vhd:]
WARNING: [filemgmt 56-199] Attempt to get parsing info during refresh. "On-the-fly" syntax checking information may be incorrect. [C:\Users\tpodi\OneDrive\Desktop\vga\controllerVGA\VGA\src\graphic_card.vhd:]
WARNING: [filemgmt 56-199] Attempt to get parsing info during refresh. "On-the-fly" syntax checking information may be incorrect. [C:\Users\tpodi\OneDrive\Desktop\vga\controllerVGA\VGA\src\controller.vhd:]
WARNING: [filemgmt 56-199] Attempt to get parsing info during refresh. "On-the-fly" syntax checking information may be incorrect. [C:\Users\tpodi\OneDrive\Desktop\vga\controllerVGA\VGA\src\test_bench.vhd:]
ERROR: [Common 17-180] Spawn failed: No error
WARNING: [filemgmt 56-199] Attempt to get parsing info during refresh. "On-the-fly" syntax checking information may be incorrect. [C:\Users\tpodi\OneDrive\Desktop\vga\controllerVGA\VGA\src\reversible_counter.vhd:]
WARNING: [filemgmt 56-199] Attempt to get parsing info during refresh. "On-the-fly" syntax checking information may be incorrect. [C:\Users\tpodi\OneDrive\Desktop\vga\controllerVGA\VGA\src\graphic_card.vhd:]
WARNING: [filemgmt 56-199] Attempt to get parsing info during refresh. "On-the-fly" syntax checking information may be incorrect. [C:\Users\tpodi\OneDrive\Desktop\vga\controllerVGA\VGA\src\controller.vhd:]
WARNING: [filemgmt 56-199] Attempt to get parsing info during refresh. "On-the-fly" syntax checking information may be incorrect. [C:\Users\tpodi\OneDrive\Desktop\vga\controllerVGA\VGA\src\test_bench.vhd:]
ERROR: [Common 17-180] Spawn failed: No error
export_ip_user_files -of_objects  [get_files C:/Users/tpodi/OneDrive/Desktop/vga/controllerVGA/VGA/src/test_bench.vhd] -no_script -reset -force -quiet
remove_files  C:/Users/tpodi/OneDrive/Desktop/vga/controllerVGA/VGA/src/test_bench.vhd
update_compile_order -fileset sources_1
reset_run synth_1
launch_runs impl_1 -to_step write_bitstream -jobs 16
[Sat May 29 22:20:34 2021] Launched synth_1...
Run output will be captured here: D:/Programming/Vivado/graphics_card/graphics_card.runs/synth_1/runme.log
[Sat May 29 22:20:35 2021] Launched impl_1...
Run output will be captured here: D:/Programming/Vivado/graphics_card/graphics_card.runs/impl_1/runme.log
reset_run synth_1
WARNING: [Vivado 12-1017] Problems encountered:
1. Failed to delete one or more files in run directory D:/Programming/Vivado/graphics_card/graphics_card.runs/synth_1

launch_runs impl_1 -to_step write_bitstream -jobs 16
[Sat May 29 22:21:47 2021] Launched synth_1...
Run output will be captured here: D:/Programming/Vivado/graphics_card/graphics_card.runs/synth_1/runme.log
[Sat May 29 22:21:47 2021] Launched impl_1...
Run output will be captured here: D:/Programming/Vivado/graphics_card/graphics_card.runs/impl_1/runme.log
open_hw_manager
connect_hw_server -allow_non_jtag
INFO: [Labtools 27-2285] Connecting to hw_server url TCP:localhost:3121
INFO: [Labtools 27-2222] Launching hw_server...
INFO: [Labtools 27-2221] Launch Output:

****** Xilinx hw_server v2020.2
  **** Build date : Nov 18 2020 at 10:01:48
    ** Copyright 1986-2020 Xilinx, Inc. All Rights Reserved.


INFO: [Labtools 27-3415] Connecting to cs_server url TCP:localhost:3042
INFO: [Labtools 27-3417] Launching cs_server...
INFO: [Labtools 27-2221] Launch Output:


******** Xilinx cs_server v2020.2
  ****** Build date   : Nov 03 2020-23:02:56
    **** Build number : 2020.2.1604437376
      ** Copyright 2017-2020 Xilinx, Inc. All Rights Reserved.



connect_hw_server: Time (s): cpu = 00:00:01 ; elapsed = 00:00:24 . Memory (MB): peak = 1014.766 ; gain = 0.000
open_hw_target
INFO: [Labtoolstcl 44-466] Opening hw_target localhost:3121/xilinx_tcf/Digilent/210183A6F556A
set_property PROGRAM.FILE {D:/Programming/Vivado/graphics_card/graphics_card.runs/impl_1/graphic_card.bit} [get_hw_devices xc7a35t_0]
current_hw_device [get_hw_devices xc7a35t_0]
refresh_hw_device -update_hw_probes false [lindex [get_hw_devices xc7a35t_0] 0]
INFO: [Labtools 27-1434] Device xc7a35t (JTAG device index = 0) is programmed with a design that has no supported debug core(s) in it.
set_property PROBES.FILE {} [get_hw_devices xc7a35t_0]
set_property FULL_PROBES.FILE {} [get_hw_devices xc7a35t_0]
set_property PROGRAM.FILE {D:/Programming/Vivado/graphics_card/graphics_card.runs/impl_1/graphic_card.bit} [get_hw_devices xc7a35t_0]
program_hw_devices [get_hw_devices xc7a35t_0]
INFO: [Labtools 27-3164] End of startup status: HIGH
refresh_hw_device [lindex [get_hw_devices xc7a35t_0] 0]
INFO: [Labtools 27-1434] Device xc7a35t (JTAG device index = 0) is programmed with a design that has no supported debug core(s) in it.
set_property PROBES.FILE {} [get_hw_devices xc7a35t_0]
set_property FULL_PROBES.FILE {} [get_hw_devices xc7a35t_0]
set_property PROGRAM.FILE {D:/Programming/Vivado/graphics_card/graphics_card.runs/impl_1/graphic_card.bit} [get_hw_devices xc7a35t_0]
program_hw_devices [get_hw_devices xc7a35t_0]
INFO: [Labtools 27-3164] End of startup status: HIGH
refresh_hw_device [lindex [get_hw_devices xc7a35t_0] 0]
INFO: [Labtools 27-1434] Device xc7a35t (JTAG device index = 0) is programmed with a design that has no supported debug core(s) in it.
reset_run synth_1
launch_runs impl_1 -to_step write_bitstream -jobs 16
[Sat May 29 22:42:21 2021] Launched synth_1...
Run output will be captured here: D:/Programming/Vivado/graphics_card/graphics_card.runs/synth_1/runme.log
[Sat May 29 22:42:21 2021] Launched impl_1...
Run output will be captured here: D:/Programming/Vivado/graphics_card/graphics_card.runs/impl_1/runme.log
set_property PROBES.FILE {} [get_hw_devices xc7a35t_0]
set_property FULL_PROBES.FILE {} [get_hw_devices xc7a35t_0]
set_property PROGRAM.FILE {D:/Programming/Vivado/graphics_card/graphics_card.runs/impl_1/graphic_card.bit} [get_hw_devices xc7a35t_0]
program_hw_devices [get_hw_devices xc7a35t_0]
INFO: [Labtools 27-3164] End of startup status: HIGH
refresh_hw_device [lindex [get_hw_devices xc7a35t_0] 0]
INFO: [Labtools 27-1434] Device xc7a35t (JTAG device index = 0) is programmed with a design that has no supported debug core(s) in it.
ERROR: [Labtoolstcl 44-513] HW Target shutdown. Closing target: localhost:3121/xilinx_tcf/Digilent/210183A6F556A
INFO: [Labtoolstcl 44-466] Opening hw_target localhost:3121/xilinx_tcf/Digilent/210183A6F556A
INFO: [Labtools 27-1434] Device xc7a35t (JTAG device index = 0) is programmed with a design that has no supported debug core(s) in it.
WARNING: [Labtoolstcl 44-129] No matching hw_ila_data was found.
set_property PROBES.FILE {} [get_hw_devices xc7a35t_0]
set_property FULL_PROBES.FILE {} [get_hw_devices xc7a35t_0]
set_property PROGRAM.FILE {D:/Programming/Vivado/graphics_card/graphics_card.runs/impl_1/graphic_card.bit} [get_hw_devices xc7a35t_0]
program_hw_devices [get_hw_devices xc7a35t_0]
INFO: [Labtools 27-3164] End of startup status: HIGH
refresh_hw_device [lindex [get_hw_devices xc7a35t_0] 0]
INFO: [Labtools 27-1434] Device xc7a35t (JTAG device index = 0) is programmed with a design that has no supported debug core(s) in it.
reset_run synth_1
launch_runs impl_1 -to_step write_bitstream -jobs 16
[Sat May 29 23:06:57 2021] Launched synth_1...
Run output will be captured here: D:/Programming/Vivado/graphics_card/graphics_card.runs/synth_1/runme.log
[Sat May 29 23:06:57 2021] Launched impl_1...
Run output will be captured here: D:/Programming/Vivado/graphics_card/graphics_card.runs/impl_1/runme.log
set_property PROBES.FILE {} [get_hw_devices xc7a35t_0]
set_property FULL_PROBES.FILE {} [get_hw_devices xc7a35t_0]
set_property PROGRAM.FILE {D:/Programming/Vivado/graphics_card/graphics_card.runs/impl_1/graphic_card.bit} [get_hw_devices xc7a35t_0]
program_hw_devices [get_hw_devices xc7a35t_0]
INFO: [Labtools 27-3164] End of startup status: HIGH
refresh_hw_device [lindex [get_hw_devices xc7a35t_0] 0]
INFO: [Labtools 27-1434] Device xc7a35t (JTAG device index = 0) is programmed with a design that has no supported debug core(s) in it.
reset_run synth_1
launch_runs impl_1 -to_step write_bitstream -jobs 16
[Sat May 29 23:38:26 2021] Launched synth_1...
Run output will be captured here: D:/Programming/Vivado/graphics_card/graphics_card.runs/synth_1/runme.log
[Sat May 29 23:38:26 2021] Launched impl_1...
Run output will be captured here: D:/Programming/Vivado/graphics_card/graphics_card.runs/impl_1/runme.log
set_property PROBES.FILE {} [get_hw_devices xc7a35t_0]
set_property FULL_PROBES.FILE {} [get_hw_devices xc7a35t_0]
set_property PROGRAM.FILE {D:/Programming/Vivado/graphics_card/graphics_card.runs/impl_1/graphic_card.bit} [get_hw_devices xc7a35t_0]
program_hw_devices [get_hw_devices xc7a35t_0]
INFO: [Labtools 27-3164] End of startup status: HIGH
refresh_hw_device [lindex [get_hw_devices xc7a35t_0] 0]
INFO: [Labtools 27-1434] Device xc7a35t (JTAG device index = 0) is programmed with a design that has no supported debug core(s) in it.
file mkdir D:/Programming/Vivado/graphics_card/graphics_card.srcs/sources_1/new
close [ open D:/Programming/Vivado/graphics_card/graphics_card.srcs/sources_1/new/MPG.vhd w ]
add_files D:/Programming/Vivado/graphics_card/graphics_card.srcs/sources_1/new/MPG.vhd
update_compile_order -fileset sources_1
update_compile_order -fileset sources_1
update_compile_order -fileset sources_1
update_compile_order -fileset sources_1
reset_run synth_1
launch_runs impl_1 -to_step write_bitstream -jobs 16
[Sun May 30 00:19:22 2021] Launched synth_1...
Run output will be captured here: D:/Programming/Vivado/graphics_card/graphics_card.runs/synth_1/runme.log
[Sun May 30 00:19:22 2021] Launched impl_1...
Run output will be captured here: D:/Programming/Vivado/graphics_card/graphics_card.runs/impl_1/runme.log
reset_run synth_1
launch_runs impl_1 -to_step write_bitstream -jobs 16
[Sun May 30 00:22:59 2021] Launched synth_1...
Run output will be captured here: D:/Programming/Vivado/graphics_card/graphics_card.runs/synth_1/runme.log
[Sun May 30 00:22:59 2021] Launched impl_1...
Run output will be captured here: D:/Programming/Vivado/graphics_card/graphics_card.runs/impl_1/runme.log
set_property PROBES.FILE {} [get_hw_devices xc7a35t_0]
set_property FULL_PROBES.FILE {} [get_hw_devices xc7a35t_0]
set_property PROGRAM.FILE {D:/Programming/Vivado/graphics_card/graphics_card.runs/impl_1/graphic_card.bit} [get_hw_devices xc7a35t_0]
program_hw_devices [get_hw_devices xc7a35t_0]
INFO: [Labtools 27-3164] End of startup status: HIGH
refresh_hw_device [lindex [get_hw_devices xc7a35t_0] 0]
INFO: [Labtools 27-1434] Device xc7a35t (JTAG device index = 0) is programmed with a design that has no supported debug core(s) in it.
reset_run synth_1
launch_runs impl_1 -to_step write_bitstream -jobs 16
[Sun May 30 00:29:51 2021] Launched synth_1...
Run output will be captured here: D:/Programming/Vivado/graphics_card/graphics_card.runs/synth_1/runme.log
[Sun May 30 00:29:51 2021] Launched impl_1...
Run output will be captured here: D:/Programming/Vivado/graphics_card/graphics_card.runs/impl_1/runme.log
set_property PROBES.FILE {} [get_hw_devices xc7a35t_0]
set_property FULL_PROBES.FILE {} [get_hw_devices xc7a35t_0]
set_property PROGRAM.FILE {D:/Programming/Vivado/graphics_card/graphics_card.runs/impl_1/graphic_card.bit} [get_hw_devices xc7a35t_0]
program_hw_devices [get_hw_devices xc7a35t_0]
INFO: [Labtools 27-3164] End of startup status: HIGH
refresh_hw_device [lindex [get_hw_devices xc7a35t_0] 0]
INFO: [Labtools 27-1434] Device xc7a35t (JTAG device index = 0) is programmed with a design that has no supported debug core(s) in it.
archive_project D:/Programming/Vivado/graphics_card.xpr.zip -temp_dir C:/Users/tpodi/AppData/Roaming/Xilinx/Vivado/.Xil/Vivado-3440-DESKTOP-VV18PMI -force -include_local_ip_cache
INFO: [Coretcl 2-137] starting archive...
INFO: [Coretcl 2-1499] Saving project copy to temporary location 'C:/Users/tpodi/AppData/Roaming/Xilinx/Vivado/.Xil/Vivado-3440-DESKTOP-VV18PMI' for archiving project
WARNING: [filemgmt 56-3] Default IP Output Path : Could not find the directory 'D:/Programming/Vivado/graphics_card/graphics_card.gen/sources_1'.
Scanning sources...
Finished scanning sources
INFO: [Coretcl 2-1211] Creating project copy for archival...
INFO: [ProjectBase 1-495] The host OS only allows 260 characters in a normal path. The project is stored in a path with more than 80 characters. If you experience any problem with archiving the project, please consider setting environment variable $TEMP to a shorter path.
Current project path is 'C:/Users/tpodi/AppData/Roaming/Xilinx/Vivado/.Xil/Vivado-3440-DESKTOP-VV18PMI/PrjAr/_X_'.
INFO: [Coretcl 2-1213] Including run results for 'synth_1'
INFO: [Coretcl 2-1213] Including run results for 'impl_1'
INFO: [Coretcl 2-1212] Importing remotely added design sources and verilog include files (if any)...
INFO: [filemgmt 20-334] All file(s) are already imported in fileset: 'constrs_1'
INFO: [filemgmt 20-348] Importing the appropriate files for fileset: 'constrs_1'
INFO: [filemgmt 20-348] Importing the appropriate files for fileset: 'sources_1'
